------------------------------------------------------------------------------------------------------------------------

[2022-01-09 17:01:59 #1 store] 
Database '/home/jon/git/ISBets21/src/main/resources/bets.temp' is opened by 7976@jon-HUAWEI-MateBook-D

[2022-01-09 17:01:59 #2 type.registry] 
New type domain.Event

[2022-01-09 17:01:59 #3 type] 
Type domain.Event is not enhanced.

[2022-01-09 17:01:59 #4 type.registry] 
New type domain.Question

[2022-01-09 17:01:59 #5 type.registry] 
New type java.util.Vector<domain.Question>

[2022-01-09 17:01:59 #6 type] 
Type domain.Question is not enhanced.

[2022-01-09 17:01:59 #7 type.registry] 
New type domain.Forecast

[2022-01-09 17:01:59 #8 type.registry] 
New type java.util.Vector<domain.Forecast>

[2022-01-09 17:01:59 #9 type] 
Type domain.Forecast is not enhanced.

[2022-01-09 17:01:59 #10 type.registry] 
New type domain.Bet

[2022-01-09 17:01:59 #11 type.registry] 
New type java.util.Vector<domain.Bet>

[2022-01-09 17:01:59 #12 type] 
Type domain.Bet is not enhanced.

[2022-01-09 17:01:59 #13 type.registry] 
New type domain.User

[2022-01-09 17:01:59 #14 type] 
Type domain.User is not enhanced.

[2022-01-09 17:01:59 #15 type.registry] 
New type java.util.Vector<java.lang.Object>

[2022-01-09 17:01:59 #16 type.registry] 
New type domain.RegularUser

[2022-01-09 17:01:59 #17 type] 
Type domain.RegularUser is not enhanced.

------------------------------------------------------------------------------------------------------------------------

[2022-01-09 17:02:12 #1 store] 
Database '/home/jon/git/ISBets21/src/main/resources/bets.temp' is opened by 8045@jon-HUAWEI-MateBook-D

[2022-01-09 17:02:12 #2 type.registry] 
New type domain.Event

[2022-01-09 17:02:12 #3 type] 
Type domain.Event is not enhanced.

[2022-01-09 17:02:12 #4 type.registry] 
New type domain.Question

[2022-01-09 17:02:12 #5 type.registry] 
New type java.util.Vector<domain.Question>

[2022-01-09 17:02:12 #6 type] 
Type domain.Question is not enhanced.

[2022-01-09 17:02:12 #7 type.registry] 
New type domain.Forecast

[2022-01-09 17:02:12 #8 type.registry] 
New type java.util.Vector<domain.Forecast>

[2022-01-09 17:02:12 #9 type] 
Type domain.Forecast is not enhanced.

[2022-01-09 17:02:12 #10 type.registry] 
New type domain.Bet

[2022-01-09 17:02:12 #11 type.registry] 
New type java.util.Vector<domain.Bet>

[2022-01-09 17:02:12 #12 type] 
Type domain.Bet is not enhanced.

[2022-01-09 17:02:12 #13 type.registry] 
New type domain.User

[2022-01-09 17:02:12 #14 type] 
Type domain.User is not enhanced.

[2022-01-09 17:02:12 #15 type.registry] 
New type java.util.Vector<java.lang.Object>

[2022-01-09 17:02:13 #16 type.registry] 
New type domain.RegularUser

[2022-01-09 17:02:13 #17 type] 
Type domain.RegularUser is not enhanced.

------------------------------------------------------------------------------------------------------------------------

[2022-01-09 17:04:38 #1 store] 
Database '/home/jon/git/ISBets21/src/main/resources/bets.temp' is opened by 8343@jon-HUAWEI-MateBook-D

[2022-01-09 17:04:38 #2 type.registry] 
New type domain.Event

[2022-01-09 17:04:38 #3 type] 
Type domain.Event is not enhanced.

[2022-01-09 17:04:38 #4 type.registry] 
New type domain.Question

[2022-01-09 17:04:38 #5 type.registry] 
New type java.util.Vector<domain.Question>

[2022-01-09 17:04:38 #6 type] 
Type domain.Question is not enhanced.

[2022-01-09 17:04:38 #7 type.registry] 
New type domain.Forecast

[2022-01-09 17:04:38 #8 type.registry] 
New type java.util.Vector<domain.Forecast>

[2022-01-09 17:04:38 #9 type] 
Type domain.Forecast is not enhanced.

[2022-01-09 17:04:38 #10 type.registry] 
New type domain.Bet

[2022-01-09 17:04:38 #11 type.registry] 
New type java.util.Vector<domain.Bet>

[2022-01-09 17:04:38 #12 type] 
Type domain.Bet is not enhanced.

[2022-01-09 17:04:38 #13 type.registry] 
New type domain.User

[2022-01-09 17:04:38 #14 type] 
Type domain.User is not enhanced.

[2022-01-09 17:04:38 #15 type.registry] 
New type java.util.Vector<java.lang.Object>

[2022-01-09 17:04:38 #16 type.registry] 
New type domain.RegularUser

[2022-01-09 17:04:38 #17 type] 
Type domain.RegularUser is not enhanced.

------------------------------------------------------------------------------------------------------------------------

[2022-01-09 17:06:01 #1 store] 
Database '/home/jon/git/ISBets21/src/main/resources/bets.temp' is opened by 8434@jon-HUAWEI-MateBook-D

[2022-01-09 17:06:01 #2 type.registry] 
New type domain.User

[2022-01-09 17:06:01 #3 type.registry] 
New type domain.RegularUser

[2022-01-09 17:06:01 #4 type] 
Type domain.User is not enhanced.

[2022-01-09 17:06:01 #5 type] 
Type domain.RegularUser is not enhanced.

[2022-01-09 17:06:01 #6 type.registry] 
New type domain.Bet

[2022-01-09 17:06:01 #7 type.registry] 
New type java.util.Vector<domain.Bet>

[2022-01-09 17:06:01 #8 type] 
Type domain.Bet is not enhanced.

[2022-01-09 17:06:01 #9 type.registry] 
New type domain.Forecast

[2022-01-09 17:06:01 #10 type] 
Type domain.Forecast is not enhanced.

[2022-01-09 17:06:01 #11 type.registry] 
New type domain.Question

[2022-01-09 17:06:01 #12 type] 
Type domain.Question is not enhanced.

[2022-01-09 17:06:01 #13 type.registry] 
New type domain.Event

[2022-01-09 17:06:01 #14 type.registry] 
New type java.util.Vector<domain.Forecast>

[2022-01-09 17:06:01 #15 type] 
Type domain.Event is not enhanced.

[2022-01-09 17:06:01 #16 type.registry] 
New type java.util.Vector<domain.Question>

[2022-01-09 17:06:01 #17 type.registry] 
New type domain.AdminUser

[2022-01-09 17:06:01 #18 type] 
Type domain.AdminUser is not enhanced.

[2022-01-09 17:06:01 #19 type.registry] 
New type java.util.Vector<java.lang.Object>

------------------------------------------------------------------------------------------------------------------------

[2022-01-09 17:07:09 #1 store] 
Database '/home/jon/git/ISBets21/src/main/resources/bets.temp' is opened by 8538@jon-HUAWEI-MateBook-D

[2022-01-09 17:07:09 #2 type.registry] 
New type domain.User

[2022-01-09 17:07:09 #3 type.registry] 
New type domain.RegularUser

[2022-01-09 17:07:09 #4 type] 
Type domain.User is not enhanced.

[2022-01-09 17:07:09 #5 type] 
Type domain.RegularUser is not enhanced.

[2022-01-09 17:07:09 #6 type.registry] 
New type domain.Bet

[2022-01-09 17:07:09 #7 type.registry] 
New type java.util.Vector<domain.Bet>

[2022-01-09 17:07:09 #8 type] 
Type domain.Bet is not enhanced.

[2022-01-09 17:07:09 #9 type.registry] 
New type domain.Forecast

[2022-01-09 17:07:09 #10 type] 
Type domain.Forecast is not enhanced.

[2022-01-09 17:07:09 #11 type.registry] 
New type domain.Question

[2022-01-09 17:07:09 #12 type] 
Type domain.Question is not enhanced.

[2022-01-09 17:07:09 #13 type.registry] 
New type domain.Event

[2022-01-09 17:07:09 #14 type.registry] 
New type java.util.Vector<domain.Forecast>

[2022-01-09 17:07:09 #15 type] 
Type domain.Event is not enhanced.

[2022-01-09 17:07:09 #16 type.registry] 
New type java.util.Vector<domain.Question>

[2022-01-09 17:07:09 #17 type.registry] 
New type domain.AdminUser

[2022-01-09 17:07:09 #18 type] 
Type domain.AdminUser is not enhanced.

[2022-01-09 17:07:09 #19 type.registry] 
New type java.util.Vector<java.lang.Object>

------------------------------------------------------------------------------------------------------------------------

[2022-01-09 17:07:48 #1 store] 
Database '/home/jon/git/ISBets21/src/main/resources/bets.temp' is opened by 8667@jon-HUAWEI-MateBook-D

[2022-01-09 17:07:48 #2 type.registry] 
New type domain.User

[2022-01-09 17:07:48 #3 type.registry] 
New type domain.RegularUser

[2022-01-09 17:07:48 #4 type] 
Type domain.User is not enhanced.

[2022-01-09 17:07:48 #5 type] 
Type domain.RegularUser is not enhanced.

[2022-01-09 17:07:48 #6 type.registry] 
New type domain.Bet

[2022-01-09 17:07:48 #7 type.registry] 
New type java.util.Vector<domain.Bet>

[2022-01-09 17:07:48 #8 type] 
Type domain.Bet is not enhanced.

[2022-01-09 17:07:48 #9 type.registry] 
New type domain.Forecast

[2022-01-09 17:07:48 #10 type] 
Type domain.Forecast is not enhanced.

[2022-01-09 17:07:48 #11 type.registry] 
New type domain.Question

[2022-01-09 17:07:48 #12 type] 
Type domain.Question is not enhanced.

[2022-01-09 17:07:48 #13 type.registry] 
New type domain.Event

[2022-01-09 17:07:48 #14 type.registry] 
New type java.util.Vector<domain.Forecast>

[2022-01-09 17:07:48 #15 type] 
Type domain.Event is not enhanced.

[2022-01-09 17:07:48 #16 type.registry] 
New type java.util.Vector<domain.Question>

[2022-01-09 17:07:48 #17 type.registry] 
New type domain.AdminUser

[2022-01-09 17:07:48 #18 type] 
Type domain.AdminUser is not enhanced.

[2022-01-09 17:07:48 #19 type.registry] 
New type java.util.Vector<java.lang.Object>

------------------------------------------------------------------------------------------------------------------------

[2022-01-09 17:08:14 #1 store] 
Database '/home/jon/git/ISBets21/src/main/resources/bets.temp' is opened by 8740@jon-HUAWEI-MateBook-D

[2022-01-09 17:08:14 #2 type.registry] 
New type domain.User

[2022-01-09 17:08:14 #3 type.registry] 
New type domain.RegularUser

[2022-01-09 17:08:14 #4 type] 
Type domain.User is not enhanced.

[2022-01-09 17:08:14 #5 type] 
Type domain.RegularUser is not enhanced.

[2022-01-09 17:08:14 #6 type.registry] 
New type domain.Bet

[2022-01-09 17:08:14 #7 type.registry] 
New type java.util.Vector<domain.Bet>

[2022-01-09 17:08:14 #8 type] 
Type domain.Bet is not enhanced.

[2022-01-09 17:08:14 #9 type.registry] 
New type domain.Forecast

[2022-01-09 17:08:14 #10 type] 
Type domain.Forecast is not enhanced.

[2022-01-09 17:08:14 #11 type.registry] 
New type domain.Question

[2022-01-09 17:08:14 #12 type] 
Type domain.Question is not enhanced.

[2022-01-09 17:08:14 #13 type.registry] 
New type domain.Event

[2022-01-09 17:08:14 #14 type.registry] 
New type java.util.Vector<domain.Forecast>

[2022-01-09 17:08:14 #15 type] 
Type domain.Event is not enhanced.

[2022-01-09 17:08:14 #16 type.registry] 
New type java.util.Vector<domain.Question>

[2022-01-09 17:08:14 #17 type.registry] 
New type domain.AdminUser

[2022-01-09 17:08:14 #18 type] 
Type domain.AdminUser is not enhanced.

[2022-01-09 17:08:14 #19 type.registry] 
New type java.util.Vector<java.lang.Object>

------------------------------------------------------------------------------------------------------------------------

[2022-01-09 17:10:55 #1 store] 
Database '/home/jon/git/ISBets21/src/main/resources/bets.temp' is opened by 9004@jon-HUAWEI-MateBook-D

[2022-01-09 17:10:55 #2 type.registry] 
New type domain.User

[2022-01-09 17:10:55 #3 type.registry] 
New type domain.RegularUser

[2022-01-09 17:10:55 #4 type] 
Type domain.User is not enhanced.

[2022-01-09 17:10:55 #5 type] 
Type domain.RegularUser is not enhanced.

[2022-01-09 17:10:55 #6 type.registry] 
New type domain.Bet

[2022-01-09 17:10:55 #7 type.registry] 
New type java.util.Vector<domain.Bet>

[2022-01-09 17:10:55 #8 type] 
Type domain.Bet is not enhanced.

[2022-01-09 17:10:55 #9 type.registry] 
New type domain.Forecast

[2022-01-09 17:10:55 #10 type] 
Type domain.Forecast is not enhanced.

[2022-01-09 17:10:55 #11 type.registry] 
New type domain.Question

[2022-01-09 17:10:55 #12 type] 
Type domain.Question is not enhanced.

[2022-01-09 17:10:55 #13 type.registry] 
New type domain.Event

[2022-01-09 17:10:55 #14 type.registry] 
New type java.util.Vector<domain.Forecast>

[2022-01-09 17:10:55 #15 type] 
Type domain.Event is not enhanced.

[2022-01-09 17:10:55 #16 type.registry] 
New type java.util.Vector<domain.Question>

[2022-01-09 17:10:55 #17 type.registry] 
New type domain.AdminUser

[2022-01-09 17:10:55 #18 type] 
Type domain.AdminUser is not enhanced.

[2022-01-09 17:10:55 #19 type.registry] 
New type java.util.Vector<java.lang.Object>

------------------------------------------------------------------------------------------------------------------------

[2022-01-09 17:11:27 #1 store] 
Database '/home/jon/git/ISBets21/src/main/resources/bets.temp' is opened by 9092@jon-HUAWEI-MateBook-D

[2022-01-09 17:11:27 #2 type.registry] 
New type domain.User

[2022-01-09 17:11:27 #3 type.registry] 
New type domain.RegularUser

[2022-01-09 17:11:27 #4 type] 
Type domain.User is not enhanced.

[2022-01-09 17:11:27 #5 type] 
Type domain.RegularUser is not enhanced.

[2022-01-09 17:11:27 #6 type.registry] 
New type domain.Bet

[2022-01-09 17:11:27 #7 type.registry] 
New type java.util.Vector<domain.Bet>

[2022-01-09 17:11:27 #8 type] 
Type domain.Bet is not enhanced.

[2022-01-09 17:11:27 #9 type.registry] 
New type domain.Forecast

[2022-01-09 17:11:27 #10 type] 
Type domain.Forecast is not enhanced.

[2022-01-09 17:11:27 #11 type.registry] 
New type domain.Question

[2022-01-09 17:11:27 #12 type] 
Type domain.Question is not enhanced.

[2022-01-09 17:11:27 #13 type.registry] 
New type domain.Event

[2022-01-09 17:11:27 #14 type.registry] 
New type java.util.Vector<domain.Forecast>

[2022-01-09 17:11:27 #15 type] 
Type domain.Event is not enhanced.

[2022-01-09 17:11:27 #16 type.registry] 
New type java.util.Vector<domain.Question>

[2022-01-09 17:11:27 #17 type.registry] 
New type domain.AdminUser

[2022-01-09 17:11:27 #18 type] 
Type domain.AdminUser is not enhanced.

[2022-01-09 17:11:27 #19 type.registry] 
New type java.util.Vector<java.lang.Object>

------------------------------------------------------------------------------------------------------------------------

[2022-01-09 17:11:55 #1 store] 
Database '/home/jon/git/ISBets21/src/main/resources/bets.temp' is opened by 9147@jon-HUAWEI-MateBook-D

[2022-01-09 17:11:55 #2 type.registry] 
New type domain.User

[2022-01-09 17:11:55 #3 type.registry] 
New type domain.RegularUser

[2022-01-09 17:11:55 #4 type] 
Type domain.User is not enhanced.

[2022-01-09 17:11:55 #5 type] 
Type domain.RegularUser is not enhanced.

[2022-01-09 17:11:55 #6 type.registry] 
New type domain.Bet

[2022-01-09 17:11:55 #7 type.registry] 
New type java.util.Vector<domain.Bet>

[2022-01-09 17:11:55 #8 type] 
Type domain.Bet is not enhanced.

[2022-01-09 17:11:55 #9 type.registry] 
New type domain.Forecast

[2022-01-09 17:11:55 #10 type] 
Type domain.Forecast is not enhanced.

[2022-01-09 17:11:55 #11 type.registry] 
New type domain.Question

[2022-01-09 17:11:55 #12 type] 
Type domain.Question is not enhanced.

[2022-01-09 17:11:55 #13 type.registry] 
New type domain.Event

[2022-01-09 17:11:55 #14 type.registry] 
New type java.util.Vector<domain.Forecast>

[2022-01-09 17:11:55 #15 type] 
Type domain.Event is not enhanced.

[2022-01-09 17:11:55 #16 type.registry] 
New type java.util.Vector<domain.Question>

[2022-01-09 17:11:55 #17 type.registry] 
New type domain.AdminUser

[2022-01-09 17:11:55 #18 type] 
Type domain.AdminUser is not enhanced.

[2022-01-09 17:11:55 #19 type.registry] 
New type java.util.Vector<java.lang.Object>

------------------------------------------------------------------------------------------------------------------------

[2022-01-09 17:13:58 #1 store] 
Database '/home/jon/git/ISBets21/src/main/resources/bets.temp' is opened by 9337@jon-HUAWEI-MateBook-D

[2022-01-09 17:13:58 #2 type.registry] 
New type domain.User

[2022-01-09 17:13:58 #3 type.registry] 
New type domain.RegularUser

[2022-01-09 17:13:58 #4 type] 
Type domain.User is not enhanced.

[2022-01-09 17:13:58 #5 type] 
Type domain.RegularUser is not enhanced.

[2022-01-09 17:13:58 #6 type.registry] 
New type domain.Bet

[2022-01-09 17:13:58 #7 type.registry] 
New type java.util.Vector<domain.Bet>

[2022-01-09 17:13:58 #8 type] 
Type domain.Bet is not enhanced.

[2022-01-09 17:13:58 #9 type.registry] 
New type domain.Forecast

[2022-01-09 17:13:58 #10 type] 
Type domain.Forecast is not enhanced.

[2022-01-09 17:13:58 #11 type.registry] 
New type domain.Question

[2022-01-09 17:13:58 #12 type] 
Type domain.Question is not enhanced.

[2022-01-09 17:13:58 #13 type.registry] 
New type domain.Event

[2022-01-09 17:13:58 #14 type.registry] 
New type java.util.Vector<domain.Forecast>

[2022-01-09 17:13:58 #15 type] 
Type domain.Event is not enhanced.

[2022-01-09 17:13:58 #16 type.registry] 
New type java.util.Vector<domain.Question>

[2022-01-09 17:13:58 #17 type.registry] 
New type domain.AdminUser

[2022-01-09 17:13:58 #18 type] 
Type domain.AdminUser is not enhanced.

[2022-01-09 17:13:58 #19 type.registry] 
New type java.util.Vector<java.lang.Object>

------------------------------------------------------------------------------------------------------------------------

[2022-01-09 17:14:47 #1 store] 
Database '/home/jon/git/ISBets21/src/main/resources/bets.temp' is opened by 9404@jon-HUAWEI-MateBook-D

[2022-01-09 17:14:47 #2 type.registry] 
New type domain.User

[2022-01-09 17:14:47 #3 type.registry] 
New type domain.RegularUser

[2022-01-09 17:14:47 #4 type] 
Type domain.User is not enhanced.

[2022-01-09 17:14:47 #5 type] 
Type domain.RegularUser is not enhanced.

[2022-01-09 17:14:47 #6 type.registry] 
New type domain.Bet

[2022-01-09 17:14:47 #7 type.registry] 
New type java.util.Vector<domain.Bet>

[2022-01-09 17:14:47 #8 type] 
Type domain.Bet is not enhanced.

[2022-01-09 17:14:47 #9 type.registry] 
New type domain.Forecast

[2022-01-09 17:14:47 #10 type] 
Type domain.Forecast is not enhanced.

[2022-01-09 17:14:47 #11 type.registry] 
New type domain.Question

[2022-01-09 17:14:47 #12 type] 
Type domain.Question is not enhanced.

[2022-01-09 17:14:47 #13 type.registry] 
New type domain.Event

[2022-01-09 17:14:47 #14 type.registry] 
New type java.util.Vector<domain.Forecast>

[2022-01-09 17:14:47 #15 type] 
Type domain.Event is not enhanced.

[2022-01-09 17:14:47 #16 type.registry] 
New type java.util.Vector<domain.Question>

[2022-01-09 17:14:47 #17 type.registry] 
New type domain.AdminUser

[2022-01-09 17:14:47 #18 type] 
Type domain.AdminUser is not enhanced.

[2022-01-09 17:14:47 #19 type.registry] 
New type java.util.Vector<java.lang.Object>

------------------------------------------------------------------------------------------------------------------------

[2022-01-09 17:15:39 #1 store] 
Database '/home/jon/git/ISBets21/src/main/resources/bets.temp' is opened by 9510@jon-HUAWEI-MateBook-D

[2022-01-09 17:15:39 #2 type.registry] 
New type domain.User

[2022-01-09 17:15:39 #3 type.registry] 
New type domain.RegularUser

[2022-01-09 17:15:39 #4 type] 
Type domain.User is not enhanced.

[2022-01-09 17:15:39 #5 type] 
Type domain.RegularUser is not enhanced.

[2022-01-09 17:15:39 #6 type.registry] 
New type domain.Bet

[2022-01-09 17:15:39 #7 type.registry] 
New type java.util.Vector<domain.Bet>

[2022-01-09 17:15:39 #8 type] 
Type domain.Bet is not enhanced.

[2022-01-09 17:15:39 #9 type.registry] 
New type domain.Forecast

[2022-01-09 17:15:39 #10 type] 
Type domain.Forecast is not enhanced.

[2022-01-09 17:15:39 #11 type.registry] 
New type domain.Question

[2022-01-09 17:15:39 #12 type] 
Type domain.Question is not enhanced.

[2022-01-09 17:15:39 #13 type.registry] 
New type domain.Event

[2022-01-09 17:15:39 #14 type.registry] 
New type java.util.Vector<domain.Forecast>

[2022-01-09 17:15:39 #15 type] 
Type domain.Event is not enhanced.

[2022-01-09 17:15:39 #16 type.registry] 
New type java.util.Vector<domain.Question>

[2022-01-09 17:15:39 #17 type.registry] 
New type domain.AdminUser

[2022-01-09 17:15:39 #18 type] 
Type domain.AdminUser is not enhanced.

[2022-01-09 17:15:40 #19 type.registry] 
New type java.util.Vector<java.lang.Object>

------------------------------------------------------------------------------------------------------------------------

[2022-01-09 17:17:38 #1 store] 
Database '/home/jon/git/ISBets21/src/main/resources/bets.temp' is opened by 9731@jon-HUAWEI-MateBook-D

[2022-01-09 17:17:38 #2 type.registry] 
New type domain.User

[2022-01-09 17:17:38 #3 type.registry] 
New type domain.RegularUser

[2022-01-09 17:17:38 #4 type] 
Type domain.User is not enhanced.

[2022-01-09 17:17:38 #5 type] 
Type domain.RegularUser is not enhanced.

[2022-01-09 17:17:38 #6 type.registry] 
New type domain.Bet

[2022-01-09 17:17:38 #7 type.registry] 
New type java.util.Vector<domain.Bet>

[2022-01-09 17:17:38 #8 type] 
Type domain.Bet is not enhanced.

[2022-01-09 17:17:38 #9 type.registry] 
New type domain.Forecast

[2022-01-09 17:17:38 #10 type] 
Type domain.Forecast is not enhanced.

[2022-01-09 17:17:38 #11 type.registry] 
New type domain.Question

[2022-01-09 17:17:38 #12 type] 
Type domain.Question is not enhanced.

[2022-01-09 17:17:38 #13 type.registry] 
New type domain.Event

[2022-01-09 17:17:38 #14 type.registry] 
New type java.util.Vector<domain.Forecast>

[2022-01-09 17:17:38 #15 type] 
Type domain.Event is not enhanced.

[2022-01-09 17:17:38 #16 type.registry] 
New type java.util.Vector<domain.Question>

[2022-01-09 17:17:38 #17 type.registry] 
New type domain.AdminUser

[2022-01-09 17:17:38 #18 type] 
Type domain.AdminUser is not enhanced.

[2022-01-09 17:17:38 #19 type.registry] 
New type java.util.Vector<java.lang.Object>

------------------------------------------------------------------------------------------------------------------------

[2022-01-09 17:18:45 #1 store] 
Database '/home/jon/git/ISBets21/src/main/resources/bets.temp' is opened by 9840@jon-HUAWEI-MateBook-D

[2022-01-09 17:18:45 #2 type.registry] 
New type domain.User

[2022-01-09 17:18:45 #3 type.registry] 
New type domain.RegularUser

[2022-01-09 17:18:45 #4 type] 
Type domain.User is not enhanced.

[2022-01-09 17:18:45 #5 type] 
Type domain.RegularUser is not enhanced.

[2022-01-09 17:18:45 #6 type.registry] 
New type domain.Bet

[2022-01-09 17:18:45 #7 type.registry] 
New type java.util.Vector<domain.Bet>

[2022-01-09 17:18:45 #8 type] 
Type domain.Bet is not enhanced.

[2022-01-09 17:18:45 #9 type.registry] 
New type domain.Forecast

[2022-01-09 17:18:45 #10 type] 
Type domain.Forecast is not enhanced.

[2022-01-09 17:18:45 #11 type.registry] 
New type domain.Question

[2022-01-09 17:18:45 #12 type] 
Type domain.Question is not enhanced.

[2022-01-09 17:18:45 #13 type.registry] 
New type domain.Event

[2022-01-09 17:18:45 #14 type.registry] 
New type java.util.Vector<domain.Forecast>

[2022-01-09 17:18:45 #15 type] 
Type domain.Event is not enhanced.

[2022-01-09 17:18:45 #16 type.registry] 
New type java.util.Vector<domain.Question>

[2022-01-09 17:18:45 #17 type.registry] 
New type domain.AdminUser

[2022-01-09 17:18:45 #18 type] 
Type domain.AdminUser is not enhanced.

[2022-01-09 17:18:45 #19 type.registry] 
New type java.util.Vector<java.lang.Object>

------------------------------------------------------------------------------------------------------------------------

[2022-01-09 17:19:34 #1 store] 
Database '/home/jon/git/ISBets21/src/main/resources/bets.temp' is opened by 10007@jon-HUAWEI-MateBook-D

[2022-01-09 17:19:34 #2 type.registry] 
New type domain.User

[2022-01-09 17:19:34 #3 type.registry] 
New type domain.RegularUser

[2022-01-09 17:19:34 #4 type] 
Type domain.User is not enhanced.

[2022-01-09 17:19:34 #5 type] 
Type domain.RegularUser is not enhanced.

[2022-01-09 17:19:34 #6 type.registry] 
New type domain.Bet

[2022-01-09 17:19:34 #7 type.registry] 
New type java.util.Vector<domain.Bet>

[2022-01-09 17:19:34 #8 type] 
Type domain.Bet is not enhanced.

[2022-01-09 17:19:34 #9 type.registry] 
New type domain.Forecast

[2022-01-09 17:19:34 #10 type] 
Type domain.Forecast is not enhanced.

[2022-01-09 17:19:34 #11 type.registry] 
New type domain.Question

[2022-01-09 17:19:34 #12 type] 
Type domain.Question is not enhanced.

[2022-01-09 17:19:34 #13 type.registry] 
New type domain.Event

[2022-01-09 17:19:34 #14 type.registry] 
New type java.util.Vector<domain.Forecast>

[2022-01-09 17:19:34 #15 type] 
Type domain.Event is not enhanced.

[2022-01-09 17:19:34 #16 type.registry] 
New type java.util.Vector<domain.Question>

[2022-01-09 17:19:34 #17 type.registry] 
New type domain.AdminUser

[2022-01-09 17:19:34 #18 type] 
Type domain.AdminUser is not enhanced.

[2022-01-09 17:19:35 #19 type.registry] 
New type java.util.Vector<java.lang.Object>

------------------------------------------------------------------------------------------------------------------------

[2022-01-09 17:20:55 #1 store] 
Database '/home/jon/git/ISBets21/src/main/resources/bets.temp' is opened by 10153@jon-HUAWEI-MateBook-D

[2022-01-09 17:20:55 #2 type.registry] 
New type domain.User

[2022-01-09 17:20:55 #3 type.registry] 
New type domain.RegularUser

[2022-01-09 17:20:55 #4 type] 
Type domain.User is not enhanced.

[2022-01-09 17:20:55 #5 type] 
Type domain.RegularUser is not enhanced.

[2022-01-09 17:20:55 #6 type.registry] 
New type domain.Bet

[2022-01-09 17:20:55 #7 type.registry] 
New type java.util.Vector<domain.Bet>

[2022-01-09 17:20:55 #8 type] 
Type domain.Bet is not enhanced.

[2022-01-09 17:20:55 #9 type.registry] 
New type domain.Forecast

[2022-01-09 17:20:55 #10 type] 
Type domain.Forecast is not enhanced.

[2022-01-09 17:20:55 #11 type.registry] 
New type domain.Question

[2022-01-09 17:20:55 #12 type] 
Type domain.Question is not enhanced.

[2022-01-09 17:20:55 #13 type.registry] 
New type domain.Event

[2022-01-09 17:20:55 #14 type.registry] 
New type java.util.Vector<domain.Forecast>

[2022-01-09 17:20:55 #15 type] 
Type domain.Event is not enhanced.

[2022-01-09 17:20:55 #16 type.registry] 
New type java.util.Vector<domain.Question>

[2022-01-09 17:20:55 #17 type.registry] 
New type domain.AdminUser

[2022-01-09 17:20:55 #18 type] 
Type domain.AdminUser is not enhanced.

[2022-01-09 17:20:56 #19 type.registry] 
New type java.util.Vector<java.lang.Object>

------------------------------------------------------------------------------------------------------------------------

[2022-01-09 17:21:33 #1 store] 
Database '/home/jon/git/ISBets21/src/main/resources/bets.temp' is opened by 10236@jon-HUAWEI-MateBook-D

[2022-01-09 17:21:33 #2 type.registry] 
New type domain.User

[2022-01-09 17:21:33 #3 type.registry] 
New type domain.RegularUser

[2022-01-09 17:21:33 #4 type] 
Type domain.User is not enhanced.

[2022-01-09 17:21:33 #5 type] 
Type domain.RegularUser is not enhanced.

[2022-01-09 17:21:33 #6 type.registry] 
New type domain.Bet

[2022-01-09 17:21:33 #7 type.registry] 
New type java.util.Vector<domain.Bet>

[2022-01-09 17:21:33 #8 type] 
Type domain.Bet is not enhanced.

[2022-01-09 17:21:33 #9 type.registry] 
New type domain.Forecast

[2022-01-09 17:21:33 #10 type] 
Type domain.Forecast is not enhanced.

[2022-01-09 17:21:33 #11 type.registry] 
New type domain.Question

[2022-01-09 17:21:33 #12 type] 
Type domain.Question is not enhanced.

[2022-01-09 17:21:33 #13 type.registry] 
New type domain.Event

[2022-01-09 17:21:33 #14 type.registry] 
New type java.util.Vector<domain.Forecast>

[2022-01-09 17:21:33 #15 type] 
Type domain.Event is not enhanced.

[2022-01-09 17:21:33 #16 type.registry] 
New type java.util.Vector<domain.Question>

[2022-01-09 17:21:33 #17 type.registry] 
New type domain.AdminUser

[2022-01-09 17:21:33 #18 type] 
Type domain.AdminUser is not enhanced.

[2022-01-09 17:21:33 #19 type.registry] 
New type java.util.Vector<java.lang.Object>

------------------------------------------------------------------------------------------------------------------------

[2022-01-09 17:22:04 #1 store] 
Database '/home/jon/git/ISBets21/src/main/resources/bets.temp' is opened by 10286@jon-HUAWEI-MateBook-D

[2022-01-09 17:22:04 #2 type.registry] 
New type domain.User

[2022-01-09 17:22:04 #3 type.registry] 
New type domain.RegularUser

[2022-01-09 17:22:04 #4 type] 
Type domain.User is not enhanced.

[2022-01-09 17:22:04 #5 type] 
Type domain.RegularUser is not enhanced.

[2022-01-09 17:22:05 #6 type.registry] 
New type domain.Bet

[2022-01-09 17:22:05 #7 type.registry] 
New type java.util.Vector<domain.Bet>

[2022-01-09 17:22:05 #8 type] 
Type domain.Bet is not enhanced.

[2022-01-09 17:22:05 #9 type.registry] 
New type domain.Forecast

[2022-01-09 17:22:05 #10 type] 
Type domain.Forecast is not enhanced.

[2022-01-09 17:22:05 #11 type.registry] 
New type domain.Question

[2022-01-09 17:22:05 #12 type] 
Type domain.Question is not enhanced.

[2022-01-09 17:22:05 #13 type.registry] 
New type domain.Event

[2022-01-09 17:22:05 #14 type.registry] 
New type java.util.Vector<domain.Forecast>

[2022-01-09 17:22:05 #15 type] 
Type domain.Event is not enhanced.

[2022-01-09 17:22:05 #16 type.registry] 
New type java.util.Vector<domain.Question>

[2022-01-09 17:22:05 #17 type.registry] 
New type domain.AdminUser

[2022-01-09 17:22:05 #18 type] 
Type domain.AdminUser is not enhanced.

[2022-01-09 17:22:05 #19 type.registry] 
New type java.util.Vector<java.lang.Object>

------------------------------------------------------------------------------------------------------------------------

[2022-01-09 17:22:33 #1 store] 
Database '/home/jon/git/ISBets21/src/main/resources/bets.temp' is opened by 10377@jon-HUAWEI-MateBook-D

[2022-01-09 17:22:33 #2 type.registry] 
New type domain.User

[2022-01-09 17:22:33 #3 type] 
Type domain.User is not enhanced.

[2022-01-09 17:22:33 #4 type.registry] 
New type domain.RegularUser

[2022-01-09 17:22:33 #5 type] 
Type domain.RegularUser is not enhanced.

[2022-01-09 17:22:33 #6 type.registry] 
New type domain.Bet

[2022-01-09 17:22:33 #7 type.registry] 
New type java.util.Vector<domain.Bet>

[2022-01-09 17:22:33 #8 type] 
Type domain.Bet is not enhanced.

[2022-01-09 17:22:33 #9 type.registry] 
New type domain.Forecast

[2022-01-09 17:22:33 #10 type] 
Type domain.Forecast is not enhanced.

[2022-01-09 17:22:33 #11 type.registry] 
New type domain.Question

[2022-01-09 17:22:33 #12 type] 
Type domain.Question is not enhanced.

[2022-01-09 17:22:33 #13 type.registry] 
New type domain.Event

[2022-01-09 17:22:33 #14 type.registry] 
New type java.util.Vector<domain.Forecast>

[2022-01-09 17:22:33 #15 type] 
Type domain.Event is not enhanced.

[2022-01-09 17:22:33 #16 type.registry] 
New type java.util.Vector<domain.Question>

[2022-01-09 17:22:33 #17 type.registry] 
New type java.util.Vector<java.lang.Object>

------------------------------------------------------------------------------------------------------------------------

[2022-01-09 17:24:12 #1 store] 
Database '/home/jon/git/ISBets21/src/main/resources/bets.temp' is opened by 10544@jon-HUAWEI-MateBook-D

[2022-01-09 17:24:13 #2 type.registry] 
New type domain.User

[2022-01-09 17:24:13 #3 type] 
Type domain.User is not enhanced.

[2022-01-09 17:24:13 #4 type.registry] 
New type domain.RegularUser

[2022-01-09 17:24:13 #5 type] 
Type domain.RegularUser is not enhanced.

[2022-01-09 17:24:13 #6 type.registry] 
New type domain.Bet

[2022-01-09 17:24:13 #7 type.registry] 
New type java.util.Vector<domain.Bet>

[2022-01-09 17:24:13 #8 type] 
Type domain.Bet is not enhanced.

[2022-01-09 17:24:13 #9 type.registry] 
New type domain.Forecast

[2022-01-09 17:24:13 #10 type] 
Type domain.Forecast is not enhanced.

[2022-01-09 17:24:13 #11 type.registry] 
New type domain.Question

[2022-01-09 17:24:13 #12 type] 
Type domain.Question is not enhanced.

[2022-01-09 17:24:13 #13 type.registry] 
New type domain.Event

[2022-01-09 17:24:13 #14 type.registry] 
New type java.util.Vector<domain.Forecast>

[2022-01-09 17:24:13 #15 type] 
Type domain.Event is not enhanced.

[2022-01-09 17:24:13 #16 type.registry] 
New type java.util.Vector<domain.Question>

[2022-01-09 17:24:13 #17 type.registry] 
New type java.util.Vector<java.lang.Object>

------------------------------------------------------------------------------------------------------------------------

[2022-01-09 17:24:21 #1 store] 
Database '/home/jon/git/ISBets21/src/main/resources/bets.temp' is opened by 10610@jon-HUAWEI-MateBook-D

[2022-01-09 17:24:21 #2 type.registry] 
New type domain.User

[2022-01-09 17:24:21 #3 type.registry] 
New type domain.RegularUser

[2022-01-09 17:24:21 #4 type] 
Type domain.User is not enhanced.

[2022-01-09 17:24:21 #5 type] 
Type domain.RegularUser is not enhanced.

[2022-01-09 17:24:21 #6 type.registry] 
New type domain.Bet

[2022-01-09 17:24:21 #7 type.registry] 
New type java.util.Vector<domain.Bet>

[2022-01-09 17:24:21 #8 type] 
Type domain.Bet is not enhanced.

[2022-01-09 17:24:21 #9 type.registry] 
New type domain.Forecast

[2022-01-09 17:24:21 #10 type] 
Type domain.Forecast is not enhanced.

[2022-01-09 17:24:21 #11 type.registry] 
New type domain.Question

[2022-01-09 17:24:21 #12 type] 
Type domain.Question is not enhanced.

[2022-01-09 17:24:21 #13 type.registry] 
New type domain.Event

[2022-01-09 17:24:21 #14 type.registry] 
New type java.util.Vector<domain.Forecast>

[2022-01-09 17:24:21 #15 type] 
Type domain.Event is not enhanced.

[2022-01-09 17:24:21 #16 type.registry] 
New type java.util.Vector<domain.Question>

[2022-01-09 17:24:21 #17 type.registry] 
New type domain.AdminUser

[2022-01-09 17:24:21 #18 type] 
Type domain.AdminUser is not enhanced.

[2022-01-09 17:24:21 #19 type.registry] 
New type java.util.Vector<java.lang.Object>

------------------------------------------------------------------------------------------------------------------------

[2022-01-09 17:24:50 #1 store] 
Database '/home/jon/git/ISBets21/src/main/resources/bets.temp' is opened by 10724@jon-HUAWEI-MateBook-D

[2022-01-09 17:24:50 #2 type.registry] 
New type domain.User

[2022-01-09 17:24:50 #3 type.registry] 
New type domain.RegularUser

[2022-01-09 17:24:50 #4 type] 
Type domain.User is not enhanced.

[2022-01-09 17:24:50 #5 type] 
Type domain.RegularUser is not enhanced.

[2022-01-09 17:24:50 #6 type.registry] 
New type domain.Bet

[2022-01-09 17:24:50 #7 type.registry] 
New type java.util.Vector<domain.Bet>

[2022-01-09 17:24:50 #8 type] 
Type domain.Bet is not enhanced.

[2022-01-09 17:24:50 #9 type.registry] 
New type domain.Forecast

[2022-01-09 17:24:50 #10 type] 
Type domain.Forecast is not enhanced.

[2022-01-09 17:24:50 #11 type.registry] 
New type domain.Question

[2022-01-09 17:24:50 #12 type] 
Type domain.Question is not enhanced.

[2022-01-09 17:24:50 #13 type.registry] 
New type domain.Event

[2022-01-09 17:24:50 #14 type.registry] 
New type java.util.Vector<domain.Forecast>

[2022-01-09 17:24:50 #15 type] 
Type domain.Event is not enhanced.

[2022-01-09 17:24:50 #16 type.registry] 
New type java.util.Vector<domain.Question>

[2022-01-09 17:24:50 #17 type.registry] 
New type domain.AdminUser

[2022-01-09 17:24:50 #18 type] 
Type domain.AdminUser is not enhanced.

[2022-01-09 17:24:50 #19 type.registry] 
New type java.util.Vector<java.lang.Object>

------------------------------------------------------------------------------------------------------------------------

[2022-01-09 17:25:08 #1 store] 
Database '/home/jon/git/ISBets21/src/main/resources/bets.temp' is opened by 10776@jon-HUAWEI-MateBook-D

[2022-01-09 17:25:08 #2 type.registry] 
New type domain.User

[2022-01-09 17:25:08 #3 type.registry] 
New type domain.RegularUser

[2022-01-09 17:25:08 #4 type] 
Type domain.User is not enhanced.

[2022-01-09 17:25:08 #5 type] 
Type domain.RegularUser is not enhanced.

[2022-01-09 17:25:08 #6 type.registry] 
New type domain.Bet

[2022-01-09 17:25:08 #7 type.registry] 
New type java.util.Vector<domain.Bet>

[2022-01-09 17:25:08 #8 type] 
Type domain.Bet is not enhanced.

[2022-01-09 17:25:08 #9 type.registry] 
New type domain.Forecast

[2022-01-09 17:25:08 #10 type] 
Type domain.Forecast is not enhanced.

[2022-01-09 17:25:08 #11 type.registry] 
New type domain.Question

[2022-01-09 17:25:08 #12 type] 
Type domain.Question is not enhanced.

[2022-01-09 17:25:08 #13 type.registry] 
New type domain.Event

[2022-01-09 17:25:08 #14 type.registry] 
New type java.util.Vector<domain.Forecast>

[2022-01-09 17:25:08 #15 type] 
Type domain.Event is not enhanced.

[2022-01-09 17:25:08 #16 type.registry] 
New type java.util.Vector<domain.Question>

[2022-01-09 17:25:08 #17 type.registry] 
New type domain.AdminUser

[2022-01-09 17:25:08 #18 type] 
Type domain.AdminUser is not enhanced.

[2022-01-09 17:25:08 #19 type.registry] 
New type java.util.Vector<java.lang.Object>

------------------------------------------------------------------------------------------------------------------------

[2022-01-09 17:25:33 #1 store] 
Database '/home/jon/git/ISBets21/src/main/resources/bets.temp' is opened by 10825@jon-HUAWEI-MateBook-D

[2022-01-09 17:25:34 #2 type.registry] 
New type domain.User

[2022-01-09 17:25:34 #3 type.registry] 
New type domain.RegularUser

[2022-01-09 17:25:34 #4 type] 
Type domain.User is not enhanced.

[2022-01-09 17:25:34 #5 type] 
Type domain.RegularUser is not enhanced.

[2022-01-09 17:25:34 #6 type.registry] 
New type domain.Bet

[2022-01-09 17:25:34 #7 type.registry] 
New type java.util.Vector<domain.Bet>

[2022-01-09 17:25:34 #8 type] 
Type domain.Bet is not enhanced.

[2022-01-09 17:25:34 #9 type.registry] 
New type domain.Forecast

[2022-01-09 17:25:34 #10 type] 
Type domain.Forecast is not enhanced.

[2022-01-09 17:25:34 #11 type.registry] 
New type domain.Question

[2022-01-09 17:25:34 #12 type] 
Type domain.Question is not enhanced.

[2022-01-09 17:25:34 #13 type.registry] 
New type domain.Event

[2022-01-09 17:25:34 #14 type.registry] 
New type java.util.Vector<domain.Forecast>

[2022-01-09 17:25:34 #15 type] 
Type domain.Event is not enhanced.

[2022-01-09 17:25:34 #16 type.registry] 
New type java.util.Vector<domain.Question>

[2022-01-09 17:25:34 #17 type.registry] 
New type domain.AdminUser

[2022-01-09 17:25:34 #18 type] 
Type domain.AdminUser is not enhanced.

[2022-01-09 17:25:34 #19 type.registry] 
New type java.util.Vector<java.lang.Object>

------------------------------------------------------------------------------------------------------------------------

[2022-01-09 17:25:50 #1 store] 
Database '/home/jon/git/ISBets21/src/main/resources/bets.temp' is opened by 10863@jon-HUAWEI-MateBook-D

[2022-01-09 17:25:50 #2 type.registry] 
New type domain.User

[2022-01-09 17:25:50 #3 type.registry] 
New type domain.RegularUser

[2022-01-09 17:25:50 #4 type] 
Type domain.User is not enhanced.

[2022-01-09 17:25:50 #5 type] 
Type domain.RegularUser is not enhanced.

[2022-01-09 17:25:50 #6 type.registry] 
New type domain.Bet

[2022-01-09 17:25:50 #7 type.registry] 
New type java.util.Vector<domain.Bet>

[2022-01-09 17:25:50 #8 type] 
Type domain.Bet is not enhanced.

[2022-01-09 17:25:50 #9 type.registry] 
New type domain.Forecast

[2022-01-09 17:25:50 #10 type] 
Type domain.Forecast is not enhanced.

[2022-01-09 17:25:50 #11 type.registry] 
New type domain.Question

[2022-01-09 17:25:50 #12 type] 
Type domain.Question is not enhanced.

[2022-01-09 17:25:50 #13 type.registry] 
New type domain.Event

[2022-01-09 17:25:50 #14 type.registry] 
New type java.util.Vector<domain.Forecast>

[2022-01-09 17:25:50 #15 type] 
Type domain.Event is not enhanced.

[2022-01-09 17:25:50 #16 type.registry] 
New type java.util.Vector<domain.Question>

[2022-01-09 17:25:51 #17 type.registry] 
New type domain.AdminUser

[2022-01-09 17:25:51 #18 type] 
Type domain.AdminUser is not enhanced.

[2022-01-09 17:25:51 #19 type.registry] 
New type java.util.Vector<java.lang.Object>

