------------------------------------------------------------------------------------------------------------------------

[2021-10-03 17:46:36 #1 store] 
Database '/home/jon/git/ISBets21/src/main/resources/bets.temp' has been recovered (tr. 43-55)

[2021-10-03 17:46:36 #2 store] 
Database '/home/jon/git/ISBets21/src/main/resources/bets.temp' is opened by 9505@jon-HUAWEI-MateBook-D

[2021-10-03 17:46:36 #3 type] 
Type domain.User is not enhanced.

[2021-10-03 17:46:36 #4 type] 
Type domain.RegularUser is not enhanced.

[2021-10-03 17:46:36 #5 type] 
Type domain.Bet is not enhanced.

[2021-10-03 17:46:36 #6 type] 
Type domain.Forecast is not enhanced.

[2021-10-03 17:46:36 #7 type] 
Type domain.Question is not enhanced.

[2021-10-03 17:46:36 #8 type] 
Type domain.Event is not enhanced.

------------------------------------------------------------------------------------------------------------------------

[2021-10-03 17:46:50 #1 store] 
Database '/home/jon/git/ISBets21/src/main/resources/bets.temp' has been recovered (tr. 56-73)

[2021-10-03 17:46:50 #2 store] 
Database '/home/jon/git/ISBets21/src/main/resources/bets.temp' is opened by 9563@jon-HUAWEI-MateBook-D

[2021-10-03 17:46:50 #3 type] 
Type domain.User is not enhanced.

[2021-10-03 17:46:50 #4 type] 
Type domain.RegularUser is not enhanced.

[2021-10-03 17:46:50 #5 type] 
Type domain.Bet is not enhanced.

[2021-10-03 17:46:50 #6 type] 
Type domain.Forecast is not enhanced.

[2021-10-03 17:46:50 #7 type] 
Type domain.Question is not enhanced.

[2021-10-03 17:46:50 #8 type] 
Type domain.Event is not enhanced.

------------------------------------------------------------------------------------------------------------------------

[2021-10-03 17:51:29 #1 store] 
Database '/home/jon/git/ISBets21/src/main/resources/bets.temp' is opened by 10043@jon-HUAWEI-MateBook-D

[2021-10-03 17:51:30 #2 type.registry] 
New type domain.Event

[2021-10-03 17:51:30 #3 type] 
Type domain.Event is not enhanced.

[2021-10-03 17:51:30 #4 type.registry] 
New type domain.Question

[2021-10-03 17:51:30 #5 type.registry] 
New type java.util.Vector<domain.Question>

[2021-10-03 17:51:30 #6 type] 
Type domain.Question is not enhanced.

[2021-10-03 17:51:30 #7 type.registry] 
New type domain.Forecast

[2021-10-03 17:51:30 #8 type.registry] 
New type java.util.Vector<domain.Forecast>

[2021-10-03 17:51:30 #9 type] 
Type domain.Forecast is not enhanced.

[2021-10-03 17:51:30 #10 type.registry] 
New type domain.Bet

[2021-10-03 17:51:30 #11 type.registry] 
New type java.util.Vector<domain.Bet>

[2021-10-03 17:51:30 #12 type] 
Type domain.Bet is not enhanced.

[2021-10-03 17:51:30 #13 type.registry] 
New type domain.User

[2021-10-03 17:51:30 #14 type] 
Type domain.User is not enhanced.

[2021-10-03 17:51:30 #15 type.registry] 
New type java.util.Vector<java.lang.Object>

------------------------------------------------------------------------------------------------------------------------

[2021-10-03 17:52:12 #1 store] 
Database '/home/jon/git/ISBets21/src/main/resources/bets.temp' is opened by 10127@jon-HUAWEI-MateBook-D

[2021-10-03 17:52:13 #2 type.registry] 
New type domain.Event

[2021-10-03 17:52:13 #3 type] 
Type domain.Event is not enhanced.

[2021-10-03 17:52:13 #4 type.registry] 
New type domain.Question

[2021-10-03 17:52:13 #5 type.registry] 
New type java.util.Vector<domain.Question>

[2021-10-03 17:52:13 #6 type] 
Type domain.Question is not enhanced.

[2021-10-03 17:52:13 #7 type.registry] 
New type domain.Forecast

[2021-10-03 17:52:13 #8 type.registry] 
New type java.util.Vector<domain.Forecast>

[2021-10-03 17:52:13 #9 type] 
Type domain.Forecast is not enhanced.

[2021-10-03 17:52:13 #10 type.registry] 
New type domain.Bet

[2021-10-03 17:52:13 #11 type.registry] 
New type java.util.Vector<domain.Bet>

[2021-10-03 17:52:13 #12 type] 
Type domain.Bet is not enhanced.

[2021-10-03 17:52:13 #13 type.registry] 
New type domain.User

[2021-10-03 17:52:13 #14 type] 
Type domain.User is not enhanced.

[2021-10-03 17:52:13 #15 type.registry] 
New type java.util.Vector<java.lang.Object>

------------------------------------------------------------------------------------------------------------------------

[2021-10-03 17:53:54 #1 store] 
Database '/home/jon/git/ISBets21/src/main/resources/bets.temp' is opened by 10245@jon-HUAWEI-MateBook-D

[2021-10-03 17:53:54 #2 type.registry] 
New type domain.Event

[2021-10-03 17:53:54 #3 type] 
Type domain.Event is not enhanced.

[2021-10-03 17:53:54 #4 type.registry] 
New type domain.Question

[2021-10-03 17:53:54 #5 type.registry] 
New type java.util.Vector<domain.Question>

[2021-10-03 17:53:54 #6 type] 
Type domain.Question is not enhanced.

[2021-10-03 17:53:54 #7 type.registry] 
New type domain.Forecast

[2021-10-03 17:53:54 #8 type.registry] 
New type java.util.Vector<domain.Forecast>

[2021-10-03 17:53:54 #9 type] 
Type domain.Forecast is not enhanced.

[2021-10-03 17:53:54 #10 type.registry] 
New type domain.Bet

[2021-10-03 17:53:54 #11 type.registry] 
New type java.util.Vector<domain.Bet>

[2021-10-03 17:53:54 #12 type] 
Type domain.Bet is not enhanced.

[2021-10-03 17:53:54 #13 type.registry] 
New type domain.User

[2021-10-03 17:53:54 #14 type] 
Type domain.User is not enhanced.

[2021-10-03 17:53:54 #15 type.registry] 
New type java.util.Vector<java.lang.Object>

